mindex.js
marzipano/img/close.png
marzipano/img/collapse.png
marzipano/img/down.png
marzipano/img/expand.png
marzipano/img/fullscreen.png
marzipano/img/info.png
marzipano/img/left.png
marzipano/img/link.png
marzipano/img/minus.png
marzipano/img/pause.png
marzipano/img/play.png
marzipano/img/plus.png
marzipano/img/right.png
marzipano/img/up.png
marzipano/img/windowed.png
marzipano/LICENSE.txt
marzipano/README.txt
marzipano/style.css
marzipano/index.js
marzipano/vendor/bowser.min.js
marzipano/vendor/classList.js
marzipano/vendor/es5-shim.js
marzipano/vendor/eventShim.js
marzipano/vendor/marzipano.js
marzipano/vendor/marzipano.swf
marzipano/vendor/requestAnimationFrame.js
marzipano/vendor/reset.min.css
marzipano/vendor/screenfull.min.js
